TN:
SF:src\app\store.js
FN:20,(anonymous_0)
FNF:1
FNH:1
FNDA:11,(anonymous_0)
DA:10,11
DA:21,11
LF:2
LH:2
BRF:0
BRH:0
end_of_record
TN:
SF:src\app\api\apislice.js
FN:7,(anonymous_0)
FN:17,(anonymous_1)
FN:38,(anonymous_2)
FNF:3
FNH:1
FNDA:0,(anonymous_0)
FNDA:0,(anonymous_1)
FNDA:3,(anonymous_2)
DA:4,3
DA:8,0
DA:9,0
DA:10,0
DA:11,0
DA:13,0
DA:17,3
DA:18,0
DA:21,0
DA:22,0
DA:23,0
DA:24,0
DA:26,0
DA:28,0
DA:32,0
DA:35,3
DA:38,3
LF:17
LH:4
BRDA:10,0,0,0
BRDA:10,0,1,0
BRDA:21,1,0,0
BRDA:21,1,1,0
BRDA:21,2,0,0
BRDA:21,2,1,0
BRDA:23,3,0,0
BRDA:23,3,1,0
BRF:8
BRH:0
end_of_record
TN:
SF:src\app\slices\agent\agentapislice.jsx
FN:4,(anonymous_0)
FN:7,(anonymous_1)
FN:16,(anonymous_2)
FN:25,(anonymous_3)
FN:34,(anonymous_4)
FN:43,(anonymous_5)
FNF:6
FNH:1
FNDA:3,(anonymous_0)
FNDA:0,(anonymous_1)
FNDA:0,(anonymous_2)
FNDA:0,(anonymous_3)
FNDA:0,(anonymous_4)
FNDA:0,(anonymous_5)
DA:3,3
DA:4,3
DA:7,0
DA:16,0
DA:25,0
DA:34,0
DA:43,0
DA:58,3
LF:8
LH:3
BRF:0
BRH:0
end_of_record
TN:
SF:src\app\slices\auth\authslice.js
FN:11,(anonymous_0)
FN:17,(anonymous_1)
FN:25,(anonymous_2)
FN:45,(anonymous_3)
FNF:4
FNH:4
FNDA:1,(anonymous_0)
FNDA:1,(anonymous_1)
FNDA:1,(anonymous_2)
FNDA:5,(anonymous_3)
DA:3,11
DA:12,1
DA:13,1
DA:15,1
DA:18,1
DA:19,1
DA:20,1
DA:22,1
DA:23,1
DA:26,1
DA:27,1
DA:28,1
DA:30,1
DA:31,1
DA:32,1
DA:34,1
DA:35,1
DA:36,1
DA:41,11
DA:45,11
LF:20
LH:20
BRDA:6,0,0,11
BRDA:6,0,1,11
BRDA:7,1,0,11
BRDA:7,1,1,11
BRDA:8,2,0,11
BRDA:8,2,1,11
BRF:6
BRH:6
end_of_record
TN:
SF:src\app\slices\chat\chatapislice.jsx
FN:4,(anonymous_0)
FN:6,(anonymous_1)
FN:12,(anonymous_2)
FN:15,(anonymous_3)
FNF:4
FNH:1
FNDA:3,(anonymous_0)
FNDA:0,(anonymous_1)
FNDA:0,(anonymous_2)
FNDA:0,(anonymous_3)
DA:3,3
DA:4,3
DA:6,0
DA:12,0
DA:15,0
DA:27,3
LF:6
LH:3
BRF:0
BRH:0
end_of_record
TN:
SF:src\app\slices\chat\chatslice.jsx
FN:12,(anonymous_0)
FN:16,(anonymous_1)
FN:20,(anonymous_2)
FN:21,(anonymous_3)
FN:24,(anonymous_4)
FNF:5
FNH:5
FNDA:1,(anonymous_0)
FNDA:1,(anonymous_1)
FNDA:1,(anonymous_2)
FNDA:2,(anonymous_3)
FNDA:1,(anonymous_4)
DA:3,12
DA:8,12
DA:13,1
DA:14,1
DA:17,1
DA:18,1
DA:21,2
DA:22,1
DA:25,1
DA:26,1
DA:27,1
DA:28,1
DA:34,12
LF:13
LH:13
BRDA:4,0,0,12
BRDA:4,0,1,12
BRDA:5,1,0,12
BRDA:5,1,1,12
BRF:4
BRH:4
end_of_record
TN:
SF:src\app\slices\message\messageapislice.jsx
FN:4,(anonymous_0)
FN:6,(anonymous_1)
FN:13,(anonymous_2)
FNF:3
FNH:1
FNDA:3,(anonymous_0)
FNDA:0,(anonymous_1)
FNDA:0,(anonymous_2)
DA:3,3
DA:4,3
DA:6,0
DA:13,0
DA:19,3
LF:5
LH:3
BRF:0
BRH:0
end_of_record
TN:
SF:src\app\slices\message\messageslice.jsx
FN:16,(anonymous_0)
FN:20,(anonymous_1)
FN:30,(anonymous_2)
FNF:3
FNH:3
FNDA:1,(anonymous_0)
FNDA:1,(anonymous_1)
FNDA:1,(anonymous_2)
DA:3,12
DA:12,12
DA:17,1
DA:18,1
DA:21,1
DA:28,1
DA:31,1
DA:37,1
DA:42,12
LF:9
LH:9
BRDA:4,0,0,12
BRDA:4,0,1,12
BRF:2
BRH:2
end_of_record
TN:
SF:src\components\messagelist.jsx
FN:11,(anonymous_0)
FN:12,(anonymous_1)
FN:18,(anonymous_2)
FNF:3
FNH:3
FNDA:49,(anonymous_0)
FNDA:49,(anonymous_1)
FNDA:77,(anonymous_2)
DA:11,7
DA:12,49
DA:14,49
DA:20,77
DA:21,17
DA:34,60
DA:38,2
DA:46,58
DA:50,2
DA:58,56
DA:59,5
DA:67,51
DA:71,2
DA:82,49
DA:83,20
DA:100,29
LF:16
LH:16
BRDA:16,0,0,49
BRDA:16,0,1,49
BRDA:20,1,0,17
BRDA:20,1,1,60
BRDA:20,2,0,77
BRDA:20,2,1,48
BRDA:34,3,0,2
BRDA:34,3,1,58
BRDA:35,4,0,60
BRDA:35,4,1,31
BRDA:46,5,0,2
BRDA:46,5,1,56
BRDA:47,6,0,58
BRDA:47,6,1,29
BRDA:58,7,0,5
BRDA:58,7,1,51
BRDA:58,8,0,56
BRDA:58,8,1,27
BRDA:67,9,0,2
BRDA:67,9,1,49
BRDA:68,10,0,51
BRDA:68,10,1,22
BRDA:82,11,0,20
BRDA:82,11,1,29
BRDA:109,12,0,49
BRDA:109,12,1,3
BRF:26
BRH:26
end_of_record
TN:
SF:src\components\agent\commonquestion.jsx
FN:5,(anonymous_0)
FN:24,(anonymous_1)
FN:28,(anonymous_2)
FNF:3
FNH:3
FNDA:3,(anonymous_0)
FNDA:7,(anonymous_1)
FNDA:1,(anonymous_2)
DA:5,7
DA:6,3
DA:25,7
DA:29,1
LF:4
LH:4
BRDA:5,0,0,0
BRDA:23,1,0,3
BRDA:23,1,1,0
BRF:3
BRH:1
end_of_record
TN:
SF:src\components\agent\main.jsx
FN:5,(anonymous_0)
FN:27,(anonymous_1)
FN:31,(anonymous_2)
FN:55,(anonymous_3)
FN:59,(anonymous_4)
FN:83,(anonymous_5)
FN:87,(anonymous_6)
FNF:7
FNH:7
FNDA:18,(anonymous_0)
FNDA:16,(anonymous_1)
FNDA:2,(anonymous_2)
FNDA:16,(anonymous_3)
FNDA:3,(anonymous_4)
FNDA:22,(anonymous_5)
FNDA:2,(anonymous_6)
DA:5,7
DA:13,18
DA:28,16
DA:32,2
DA:56,16
DA:60,3
DA:84,22
DA:88,2
LF:8
LH:8
BRDA:26,0,0,12
BRDA:26,0,1,6
BRDA:54,1,0,12
BRDA:54,1,1,6
BRDA:82,2,0,18
BRDA:82,2,1,0
BRF:6
BRH:5
end_of_record
TN:
SF:src\components\agent\quiz.jsx
FN:5,(anonymous_0)
FN:27,(anonymous_1)
FN:31,(anonymous_2)
FNF:3
FNH:3
FNDA:3,(anonymous_0)
FNDA:9,(anonymous_1)
FNDA:1,(anonymous_2)
DA:5,7
DA:10,3
DA:28,9
DA:32,1
LF:4
LH:4
BRDA:7,0,0,0
BRDA:26,1,0,3
BRDA:26,1,1,0
BRF:3
BRH:1
end_of_record
TN:
SF:src\components\agent\quizoptions.jsx
FN:3,(anonymous_0)
FN:19,(anonymous_1)
FNF:2
FNH:2
FNDA:6,(anonymous_0)
FNDA:2,(anonymous_1)
DA:3,7
DA:4,6
DA:20,2
LF:3
LH:3
BRF:0
BRH:0
end_of_record
TN:
SF:src\components\agent\subtopic.jsx
FN:5,(anonymous_0)
FN:27,(anonymous_1)
FN:31,(anonymous_2)
FNF:3
FNH:3
FNDA:3,(anonymous_0)
FNDA:7,(anonymous_1)
FNDA:1,(anonymous_2)
DA:5,7
DA:10,3
DA:28,7
DA:32,1
LF:4
LH:4
BRDA:7,0,0,0
BRDA:26,1,0,3
BRDA:26,1,1,0
BRF:3
BRH:1
end_of_record
TN:
SF:src\components\appbar\Appbar.jsx
FN:13,(anonymous_0)
FN:17,(anonymous_1)
FN:22,(anonymous_2)
FN:27,(anonymous_3)
FNF:4
FNH:4
FNDA:17,(anonymous_0)
FNDA:20,(anonymous_1)
FNDA:1,(anonymous_2)
FNDA:1,(anonymous_3)
DA:13,8
DA:14,17
DA:15,17
DA:16,16
DA:17,20
DA:18,16
DA:20,16
DA:22,16
DA:23,1
DA:24,1
DA:27,16
DA:28,1
DA:31,16
LF:13
LH:13
BRDA:20,0,0,11
BRDA:20,0,1,5
BRDA:36,1,0,0
BRDA:36,1,1,16
BRDA:37,2,0,0
BRDA:37,2,1,16
BRDA:41,3,0,16
BRDA:41,3,1,16
BRDA:80,4,0,16
BRDA:80,4,1,1
BRF:10
BRH:8
end_of_record
TN:
SF:src\components\auth\requireauth.jsx
FN:6,(anonymous_0)
FNF:1
FNH:1
FNDA:4,(anonymous_0)
DA:6,1
DA:7,4
DA:8,4
DA:10,4
LF:4
LH:4
BRDA:10,0,0,3
BRDA:10,0,1,1
BRF:2
BRH:2
end_of_record
TN:
SF:src\components\dropdown\userdropdown.jsx
FN:8,(anonymous_0)
FN:10,(anonymous_1)
FN:11,(anonymous_2)
FN:13,(anonymous_3)
FN:20,(anonymous_4)
FN:31,(anonymous_5)
FNF:6
FNH:5
FNDA:4,(anonymous_0)
FNDA:5,(anonymous_1)
FNDA:5,(anonymous_2)
FNDA:1,(anonymous_3)
FNDA:0,(anonymous_4)
FNDA:1,(anonymous_5)
DA:8,9
DA:9,4
DA:10,5
DA:11,5
DA:13,4
DA:14,1
DA:15,1
DA:16,1
DA:19,4
DA:20,0
DA:31,1
LF:11
LH:10
BRF:0
BRH:0
end_of_record
TN:
SF:src\components\modal\deletemodal.jsx
FN:4,(anonymous_0)
FNF:1
FNH:1
FNDA:36,(anonymous_0)
DA:4,8
DA:5,36
DA:6,31
DA:9,5
LF:4
LH:4
BRDA:5,0,0,31
BRDA:5,0,1,5
BRF:2
BRH:2
end_of_record
TN:
SF:src\components\sidebar\sidebar.jsx
FN:24,(anonymous_0)
FN:28,(anonymous_1)
FN:29,(anonymous_2)
FN:41,(anonymous_3)
FN:42,(anonymous_4)
FN:52,(anonymous_5)
FN:62,(anonymous_6)
FN:66,(anonymous_7)
FN:71,(anonymous_8)
FN:95,(anonymous_9)
FN:121,(anonymous_10)
FN:125,(anonymous_11)
FN:133,(anonymous_12)
FNF:13
FNH:13
FNDA:37,(anonymous_0)
FNDA:40,(anonymous_1)
FNDA:40,(anonymous_2)
FNDA:24,(anonymous_3)
FNDA:24,(anonymous_4)
FNDA:25,(anonymous_5)
FNDA:1,(anonymous_6)
FNDA:5,(anonymous_7)
FNDA:4,(anonymous_8)
FNDA:1,(anonymous_9)
FNDA:40,(anonymous_10)
FNDA:1,(anonymous_11)
FNDA:5,(anonymous_12)
DA:24,8
DA:25,37
DA:26,36
DA:27,36
DA:28,40
DA:29,40
DA:30,36
DA:31,36
DA:32,36
DA:33,36
DA:39,36
DA:41,36
DA:42,24
DA:43,24
DA:44,24
DA:45,24
DA:49,24
DA:52,36
DA:53,25
DA:54,24
DA:56,25
DA:57,1
DA:58,1
DA:62,36
DA:63,1
DA:66,36
DA:67,5
DA:68,5
DA:71,36
DA:72,4
DA:73,4
DA:74,4
DA:75,3
DA:76,2
DA:77,2
DA:79,2
DA:80,1
DA:81,1
DA:84,1
DA:87,1
DA:89,4
DA:90,4
DA:95,36
DA:96,1
DA:97,1
DA:100,36
DA:122,40
DA:125,1
DA:134,5
DA:135,5
LF:50
LH:50
BRDA:32,0,0,0
BRDA:44,1,0,24
BRDA:44,1,1,0
BRDA:53,2,0,24
BRDA:53,2,1,1
BRDA:56,3,0,1
BRDA:56,3,1,24
BRDA:57,4,0,1
BRDA:57,4,1,0
BRDA:72,5,0,4
BRDA:72,5,1,0
BRDA:75,6,0,2
BRDA:75,6,1,1
BRDA:79,7,0,1
BRDA:79,7,1,1
BRDA:101,8,0,0
BRDA:101,8,1,36
BRDA:102,9,0,36
BRDA:102,9,1,0
BRDA:119,10,0,20
BRDA:119,10,1,16
BRDA:128,11,0,40
BRDA:128,11,1,0
BRF:23
BRH:16
end_of_record
TN:
SF:src\context\sidebarcontext.jsx
FN:6,(anonymous_0)
FN:9,(anonymous_1)
FN:18,(anonymous_2)
FNF:3
FNH:2
FNDA:36,(anonymous_0)
FNDA:0,(anonymous_1)
FNDA:109,(anonymous_2)
DA:4,8
DA:6,8
DA:7,36
DA:9,36
DA:11,36
DA:18,109
LF:6
LH:6
BRF:0
BRH:0
end_of_record
TN:
SF:src\pages\auth\authpage.jsx
FN:19,(anonymous_0)
FN:30,(anonymous_1)
FN:34,(anonymous_2)
FN:38,(anonymous_3)
FN:54,(anonymous_4)
FN:90,(anonymous_5)
FN:97,(anonymous_6)
FN:123,(anonymous_7)
FN:126,(anonymous_8)
FN:136,(anonymous_9)
FN:143,(anonymous_10)
FN:150,(anonymous_11)
FNF:12
FNH:12
FNDA:34,(anonymous_0)
FNDA:10,(anonymous_1)
FNDA:4,(anonymous_2)
FNDA:3,(anonymous_3)
FNDA:5,(anonymous_4)
FNDA:5,(anonymous_5)
FNDA:5,(anonymous_6)
FNDA:2,(anonymous_7)
FNDA:2,(anonymous_8)
FNDA:2,(anonymous_9)
FNDA:3,(anonymous_10)
FNDA:3,(anonymous_11)
DA:19,1
DA:20,34
DA:21,34
DA:22,34
DA:23,34
DA:24,34
DA:25,34
DA:26,34
DA:27,34
DA:28,34
DA:30,34
DA:31,10
DA:34,34
DA:35,4
DA:38,34
DA:39,3
DA:41,3
DA:42,1
DA:43,1
DA:46,2
DA:47,2
DA:48,1
DA:50,1
DA:54,34
DA:55,5
DA:57,5
DA:58,5
DA:59,0
DA:60,0
DA:61,0
DA:62,0
DA:63,0
DA:65,5
DA:66,2
DA:67,3
DA:68,1
DA:69,2
DA:70,1
DA:72,1
DA:77,34
DA:90,5
DA:97,5
DA:124,2
DA:126,2
DA:128,2
DA:136,2
DA:143,3
DA:150,3
LF:48
LH:43
BRDA:41,0,0,1
BRDA:41,0,1,2
BRDA:50,1,0,1
BRDA:50,1,1,0
BRDA:65,2,0,2
BRDA:65,2,1,3
BRDA:67,3,0,1
BRDA:67,3,1,2
BRDA:68,4,0,1
BRDA:68,4,1,0
BRDA:69,5,0,1
BRDA:69,5,1,1
BRDA:70,6,0,1
BRDA:70,6,1,0
BRDA:72,7,0,1
BRDA:72,7,1,1
BRDA:81,8,0,20
BRDA:81,8,1,14
BRF:18
BRH:15
end_of_record
TN:
SF:src\pages\chatbot\chatbotpage.jsx
FN:23,(anonymous_0)
FN:38,(anonymous_1)
FN:39,(anonymous_2)
FN:43,(anonymous_3)
FN:87,(anonymous_4)
FN:88,(anonymous_5)
FN:153,(anonymous_6)
FN:160,(anonymous_7)
FN:210,(anonymous_8)
FN:244,(anonymous_9)
FN:302,(anonymous_10)
FNF:11
FNH:10
FNDA:56,(anonymous_0)
FNDA:55,(anonymous_1)
FNDA:55,(anonymous_2)
FNDA:5,(anonymous_3)
FNDA:2,(anonymous_4)
FNDA:4,(anonymous_5)
FNDA:0,(anonymous_6)
FNDA:3,(anonymous_7)
FNDA:2,(anonymous_8)
FNDA:3,(anonymous_9)
FNDA:5,(anonymous_10)
DA:23,7
DA:24,56
DA:25,55
DA:26,55
DA:27,55
DA:29,55
DA:30,55
DA:31,55
DA:32,55
DA:33,55
DA:34,55
DA:35,55
DA:36,55
DA:38,55
DA:39,55
DA:43,55
DA:45,5
DA:46,5
DA:49,5
DA:50,5
DA:51,2
DA:52,2
DA:53,1
DA:54,1
DA:56,1
DA:57,1
DA:58,1
DA:63,4
DA:65,4
DA:68,4
DA:75,4
DA:77,4
DA:78,4
DA:79,0
DA:84,4
DA:85,2
DA:87,2
DA:88,2
DA:89,4
DA:90,2
DA:92,2
DA:96,2
DA:98,2
DA:103,2
DA:105,2
DA:108,4
DA:110,2
DA:114,1
DA:124,1
DA:138,2
DA:140,2
DA:142,2
DA:143,2
DA:144,0
DA:148,4
DA:149,4
DA:153,55
DA:154,0
DA:155,0
DA:160,55
DA:161,3
DA:162,3
DA:164,3
DA:166,3
DA:167,3
DA:168,1
DA:174,3
DA:175,1
DA:177,1
DA:178,2
DA:179,2
DA:181,2
DA:184,3
DA:197,3
DA:199,3
DA:201,3
DA:202,3
DA:203,1
DA:206,3
DA:210,55
DA:216,2
DA:218,2
DA:219,2
DA:221,2
DA:229,2
DA:231,2
DA:232,2
DA:233,2
DA:239,2
DA:240,1
DA:243,1
DA:244,3
DA:246,1
DA:253,2
DA:254,1
DA:263,1
DA:274,2
DA:276,2
DA:278,2
DA:279,2
DA:280,2
DA:283,2
DA:286,55
DA:302,5
LF:104
LH:100
BRDA:45,0,0,5
BRDA:45,0,1,0
BRDA:50,1,0,2
BRDA:50,1,1,3
BRDA:50,2,0,5
BRDA:50,2,1,2
BRDA:65,3,0,4
BRDA:65,3,1,3
BRDA:72,4,0,2
BRDA:72,4,1,2
BRDA:78,5,0,0
BRDA:78,5,1,4
BRDA:84,6,0,2
BRDA:84,6,1,2
BRDA:89,7,0,2
BRDA:89,7,1,2
BRDA:89,8,0,4
BRDA:89,8,1,4
BRDA:89,8,2,2
BRDA:108,9,0,2
BRDA:108,9,1,2
BRDA:110,10,0,1
BRDA:110,10,1,1
BRDA:116,11,0,1
BRDA:116,11,1,0
BRDA:120,12,0,1
BRDA:120,12,1,0
BRDA:126,13,0,1
BRDA:126,13,1,0
BRDA:128,14,0,1
BRDA:128,14,1,1
BRDA:132,15,0,1
BRDA:132,15,1,0
BRDA:133,16,0,1
BRDA:133,16,1,0
BRDA:134,17,0,1
BRDA:134,17,1,0
BRDA:143,18,0,0
BRDA:143,18,1,2
BRDA:154,19,0,0
BRDA:154,19,1,0
BRDA:167,20,0,1
BRDA:167,20,1,2
BRDA:174,21,0,1
BRDA:174,21,1,2
BRDA:178,22,0,2
BRDA:178,22,1,0
BRDA:186,23,0,3
BRDA:186,23,1,0
BRDA:189,24,0,3
BRDA:189,24,1,1
BRDA:190,25,0,1
BRDA:190,25,1,0
BRDA:192,26,0,3
BRDA:192,26,1,2
BRDA:193,27,0,2
BRDA:193,27,1,0
BRDA:202,28,0,1
BRDA:202,28,1,2
BRDA:218,29,0,1
BRDA:218,29,1,1
BRDA:219,30,0,1
BRDA:219,30,1,1
BRDA:232,31,0,2
BRDA:232,31,1,0
BRDA:239,32,0,1
BRDA:239,32,1,1
BRDA:239,33,0,2
BRDA:239,33,1,1
BRDA:244,34,0,3
BRDA:244,34,1,2
BRDA:253,35,0,1
BRDA:253,35,1,1
BRDA:256,36,0,1
BRDA:256,36,1,0
BRDA:260,37,0,1
BRDA:260,37,1,0
BRDA:279,38,0,2
BRDA:279,38,1,0
BRDA:287,39,0,0
BRDA:287,39,1,55
BRDA:288,40,0,0
BRDA:288,40,1,55
BRDA:308,41,0,55
BRDA:308,41,1,14
BRDA:312,42,0,49
BRDA:312,42,1,6
BRDA:312,43,0,55
BRDA:312,43,1,14
BRF:89
BRH:68
end_of_record
TN:
SF:src\toastify\toastify.jsx
FN:12,(anonymous_0)
FN:16,(anonymous_1)
FN:20,(anonymous_2)
FNF:3
FNH:1
FNDA:0,(anonymous_0)
FNDA:14,(anonymous_1)
FNDA:0,(anonymous_2)
DA:3,6
DA:12,6
DA:13,0
DA:16,6
DA:17,14
DA:20,6
DA:21,0
LF:7
LH:5
BRF:0
BRH:0
end_of_record
